<?xml version="1.0" encoding="UTF-8"?>
<!-- Generated by org.testng.reporters.JUnitReportReporter -->
<testsuite hostname="Javalkar" name="com.action.hospitalBillingMasters.RatePlanListAction" tests="1" failures="0" timestamp="29 Nov 2016 04:24:59 GMT" time="3.926" errors="0">
  <testcase name="cRole" time="3.926" classname="com.action.hospitalBillingMasters.RatePlanListAction"/>
</testsuite> <!-- com.action.hospitalBillingMasters.RatePlanListAction -->
