<?xml version="1.0" encoding="UTF-8"?>
<!-- Generated by org.testng.reporters.JUnitReportReporter -->
<testsuite hostname="Javalkar" name="com.action.hospitalBillingMasters.NewRatePlanAction" tests="1" failures="0" timestamp="30 Nov 2016 04:14:43 GMT" time="59.736" errors="0">
  <testcase name="cRole" time="59.736" classname="com.action.hospitalBillingMasters.NewRatePlanAction"/>
</testsuite> <!-- com.action.hospitalBillingMasters.NewRatePlanAction -->
