<?xml version="1.0" encoding="UTF-8"?>
<!-- Generated by org.testng.reporters.JUnitReportReporter -->
<testsuite hostname="Javalkar" name="com.action.administration.AddRoleAction" tests="1" failures="0" timestamp="16 Dec 2016 12:57:59 GMT" time="47.327" errors="0">
  <testcase name="createRole" time="47.327" classname="com.action.administration.AddRoleAction"/>
</testsuite> <!-- com.action.administration.AddRoleAction -->
