<?xml version="1.0" encoding="UTF-8"?>
<!-- Generated by org.testng.reporters.JUnitReportReporter -->
<testsuite hostname="Javalkar" name="com.action.LaunchBrowser" tests="1" failures="0" timestamp="22 Oct 2016 14:15:00 GMT" time="2.400" errors="0">
  <testcase name="launch" time="2.400" classname="com.action.LaunchBrowser"/>
</testsuite> <!-- com.action.LaunchBrowser -->
